<?xml version="1.0" encoding="UTF-8"?>
<!-- Generated by org.testng.reporters.JUnitReportReporter -->
<testsuite hostname="Acer-Aspire" failures="0" tests="6" name="runners.TestRunner" time="5.880" errors="0" timestamp="2025-08-14T11:38:42 IST" skipped="0">
  <testcase classname="runners.TestRunner" name="runScenario" time="0.423"/>
  <system-out/>
  <testcase classname="runners.TestRunner" name="runScenario" time="0.140"/>
  <system-out/>
  <testcase classname="runners.TestRunner" name="runScenario" time="0.392"/>
  <system-out/>
  <testcase classname="runners.TestRunner" name="runScenario" time="4.670"/>
  <system-out/>
  <testcase classname="runners.TestRunner" name="runScenario" time="0.129"/>
  <system-out/>
  <testcase classname="runners.TestRunner" name="runScenario" time="0.126"/>
  <system-out/>
</testsuite> <!-- runners.TestRunner -->
